
*** Running vivado
    with args -log RSACoreTestBench.vds -m64 -product Vivado -mode batch -messageDb vivado.pb -notrace -source RSACoreTestBench.tcl


****** Vivado v2017.2.1 (64-bit)
  **** SW Build 1957588 on Wed Aug  9 16:32:10 MDT 2017
  **** IP Build 1948039 on Wed Aug  9 18:19:28 MDT 2017
    ** Copyright 1986-2017 Xilinx, Inc. All Rights Reserved.

source RSACoreTestBench.tcl -notrace
Command: synth_design -top RSACoreTestBench -part xc7k70tfbv676-1
Starting synth_design
Attempting to get a license for feature 'Synthesis' and/or device 'xc7k70t-fbv676'
INFO: [Common 17-349] Got license for feature 'Synthesis' and/or device 'xc7k70t-fbv676'
INFO: Launching helper process for spawning children vivado processes
INFO: Helper process launched with PID 6431 
---------------------------------------------------------------------------------
Starting Synthesize : Time (s): cpu = 00:00:04 ; elapsed = 00:00:05 . Memory (MB): peak = 1153.578 ; gain = 45.992 ; free physical = 2672 ; free virtual = 12632
---------------------------------------------------------------------------------
INFO: [Synth 8-638] synthesizing module 'RSACoreTestBench' [/home/magnus/dokumenter/design-av-digitale-system-1/rsa_encoding/rsa_encoding.srcs/sources_1/imports/design-av-digitale-system-1/RSACoreTestBench.vhd:21]
WARNING: [Synth 8-312] ignoring unsynthesizable construct: wait statement with no conditon [/home/magnus/dokumenter/design-av-digitale-system-1/rsa_encoding/rsa_encoding.srcs/sources_1/imports/design-av-digitale-system-1/RSACoreTestBench.vhd:105]
WARNING: [Synth 8-312] ignoring unsynthesizable construct: wait statement with no conditon [/home/magnus/dokumenter/design-av-digitale-system-1/rsa_encoding/rsa_encoding.srcs/sources_1/imports/design-av-digitale-system-1/RSACoreTestBench.vhd:114]
INFO: [Synth 8-3491] module 'RSACore' declared at '/home/magnus/dokumenter/design-av-digitale-system-1/rsa_encoding/rsa_encoding.srcs/sources_1/new/RSACore.vhd:31' bound to instance 'R' of component 'RSACore' [/home/magnus/dokumenter/design-av-digitale-system-1/rsa_encoding/rsa_encoding.srcs/sources_1/imports/design-av-digitale-system-1/RSACoreTestBench.vhd:272]
INFO: [Synth 8-638] synthesizing module 'RSACore' [/home/magnus/dokumenter/design-av-digitale-system-1/rsa_encoding/rsa_encoding.srcs/sources_1/new/RSACore.vhd:47]
INFO: [Synth 8-638] synthesizing module 'RSADatapath' [/home/magnus/dokumenter/design-av-digitale-system-1/rsa_encoding/rsa_encoding.srcs/sources_1/new/RSADatapath.vhd:56]
	Parameter DATA_N bound to: 128 - type: integer 
	Parameter KEYS_N bound to: 128 - type: integer 
WARNING: [Synth 8-6014] Unused sequential element pary_r_reg was removed.  [/home/magnus/dokumenter/design-av-digitale-system-1/rsa_encoding/rsa_encoding.srcs/sources_1/new/RSADatapath.vhd:84]
WARNING: [Synth 8-6014] Unused sequential element parx_r_reg was removed.  [/home/magnus/dokumenter/design-av-digitale-system-1/rsa_encoding/rsa_encoding.srcs/sources_1/new/RSADatapath.vhd:85]
WARNING: [Synth 8-6014] Unused sequential element keyn_r_reg was removed.  [/home/magnus/dokumenter/design-av-digitale-system-1/rsa_encoding/rsa_encoding.srcs/sources_1/new/RSADatapath.vhd:86]
WARNING: [Synth 8-6014] Unused sequential element keye_r_reg was removed.  [/home/magnus/dokumenter/design-av-digitale-system-1/rsa_encoding/rsa_encoding.srcs/sources_1/new/RSADatapath.vhd:87]
WARNING: [Synth 8-6014] Unused sequential element pary_nxt_reg was removed.  [/home/magnus/dokumenter/design-av-digitale-system-1/rsa_encoding/rsa_encoding.srcs/sources_1/new/RSADatapath.vhd:90]
WARNING: [Synth 8-6014] Unused sequential element parx_nxt_reg was removed.  [/home/magnus/dokumenter/design-av-digitale-system-1/rsa_encoding/rsa_encoding.srcs/sources_1/new/RSADatapath.vhd:91]
WARNING: [Synth 8-6014] Unused sequential element keyn_nxt_reg was removed.  [/home/magnus/dokumenter/design-av-digitale-system-1/rsa_encoding/rsa_encoding.srcs/sources_1/new/RSADatapath.vhd:92]
WARNING: [Synth 8-6014] Unused sequential element keye_nxt_reg was removed.  [/home/magnus/dokumenter/design-av-digitale-system-1/rsa_encoding/rsa_encoding.srcs/sources_1/new/RSADatapath.vhd:93]
INFO: [Synth 8-256] done synthesizing module 'RSADatapath' (1#1) [/home/magnus/dokumenter/design-av-digitale-system-1/rsa_encoding/rsa_encoding.srcs/sources_1/new/RSADatapath.vhd:56]
INFO: [Synth 8-638] synthesizing module 'RSAControl' [/home/magnus/dokumenter/design-av-digitale-system-1/rsa_encoding/rsa_encoding.srcs/sources_1/new/RSAControl.vhd:33]
	Parameter N bound to: 3 - type: integer 
	Parameter CRYPT_COUNT bound to: 8 - type: integer 
	Parameter INIT_COUNT bound to: 16 - type: integer 
	Parameter INPUT_COUNT bound to: 4 - type: integer 
	Parameter OUTPUT_COUNT bound to: 4 - type: integer 
INFO: [Synth 8-256] done synthesizing module 'RSAControl' (2#1) [/home/magnus/dokumenter/design-av-digitale-system-1/rsa_encoding/rsa_encoding.srcs/sources_1/new/RSAControl.vhd:33]
INFO: [Synth 8-256] done synthesizing module 'RSACore' (3#1) [/home/magnus/dokumenter/design-av-digitale-system-1/rsa_encoding/rsa_encoding.srcs/sources_1/new/RSACore.vhd:47]
WARNING: [Synth 8-6014] Unused sequential element s32_reg[32] was removed.  [/home/magnus/dokumenter/design-av-digitale-system-1/rsa_encoding/rsa_encoding.srcs/sources_1/imports/design-av-digitale-system-1/RSACoreTestBench.vhd:164]
WARNING: [Synth 8-6014] Unused sequential element s32_reg[31] was removed.  [/home/magnus/dokumenter/design-av-digitale-system-1/rsa_encoding/rsa_encoding.srcs/sources_1/imports/design-av-digitale-system-1/RSACoreTestBench.vhd:164]
WARNING: [Synth 8-6014] Unused sequential element s32_reg[30] was removed.  [/home/magnus/dokumenter/design-av-digitale-system-1/rsa_encoding/rsa_encoding.srcs/sources_1/imports/design-av-digitale-system-1/RSACoreTestBench.vhd:164]
WARNING: [Synth 8-6014] Unused sequential element s32_reg[29] was removed.  [/home/magnus/dokumenter/design-av-digitale-system-1/rsa_encoding/rsa_encoding.srcs/sources_1/imports/design-av-digitale-system-1/RSACoreTestBench.vhd:164]
WARNING: [Synth 8-6014] Unused sequential element s32_reg[28] was removed.  [/home/magnus/dokumenter/design-av-digitale-system-1/rsa_encoding/rsa_encoding.srcs/sources_1/imports/design-av-digitale-system-1/RSACoreTestBench.vhd:164]
WARNING: [Synth 8-6014] Unused sequential element s32_reg[27] was removed.  [/home/magnus/dokumenter/design-av-digitale-system-1/rsa_encoding/rsa_encoding.srcs/sources_1/imports/design-av-digitale-system-1/RSACoreTestBench.vhd:164]
WARNING: [Synth 8-6014] Unused sequential element s32_reg[26] was removed.  [/home/magnus/dokumenter/design-av-digitale-system-1/rsa_encoding/rsa_encoding.srcs/sources_1/imports/design-av-digitale-system-1/RSACoreTestBench.vhd:164]
WARNING: [Synth 8-6014] Unused sequential element s32_reg[25] was removed.  [/home/magnus/dokumenter/design-av-digitale-system-1/rsa_encoding/rsa_encoding.srcs/sources_1/imports/design-av-digitale-system-1/RSACoreTestBench.vhd:164]
WARNING: [Synth 8-6014] Unused sequential element s32_reg[24] was removed.  [/home/magnus/dokumenter/design-av-digitale-system-1/rsa_encoding/rsa_encoding.srcs/sources_1/imports/design-av-digitale-system-1/RSACoreTestBench.vhd:164]
WARNING: [Synth 8-6014] Unused sequential element s32_reg[23] was removed.  [/home/magnus/dokumenter/design-av-digitale-system-1/rsa_encoding/rsa_encoding.srcs/sources_1/imports/design-av-digitale-system-1/RSACoreTestBench.vhd:164]
WARNING: [Synth 8-6014] Unused sequential element s32_reg[22] was removed.  [/home/magnus/dokumenter/design-av-digitale-system-1/rsa_encoding/rsa_encoding.srcs/sources_1/imports/design-av-digitale-system-1/RSACoreTestBench.vhd:164]
WARNING: [Synth 8-6014] Unused sequential element s32_reg[21] was removed.  [/home/magnus/dokumenter/design-av-digitale-system-1/rsa_encoding/rsa_encoding.srcs/sources_1/imports/design-av-digitale-system-1/RSACoreTestBench.vhd:164]
WARNING: [Synth 8-6014] Unused sequential element s32_reg[20] was removed.  [/home/magnus/dokumenter/design-av-digitale-system-1/rsa_encoding/rsa_encoding.srcs/sources_1/imports/design-av-digitale-system-1/RSACoreTestBench.vhd:164]
WARNING: [Synth 8-6014] Unused sequential element s32_reg[19] was removed.  [/home/magnus/dokumenter/design-av-digitale-system-1/rsa_encoding/rsa_encoding.srcs/sources_1/imports/design-av-digitale-system-1/RSACoreTestBench.vhd:164]
WARNING: [Synth 8-6014] Unused sequential element s32_reg[18] was removed.  [/home/magnus/dokumenter/design-av-digitale-system-1/rsa_encoding/rsa_encoding.srcs/sources_1/imports/design-av-digitale-system-1/RSACoreTestBench.vhd:164]
WARNING: [Synth 8-6014] Unused sequential element s32_reg[17] was removed.  [/home/magnus/dokumenter/design-av-digitale-system-1/rsa_encoding/rsa_encoding.srcs/sources_1/imports/design-av-digitale-system-1/RSACoreTestBench.vhd:164]
WARNING: [Synth 8-6014] Unused sequential element s32_reg[16] was removed.  [/home/magnus/dokumenter/design-av-digitale-system-1/rsa_encoding/rsa_encoding.srcs/sources_1/imports/design-av-digitale-system-1/RSACoreTestBench.vhd:164]
WARNING: [Synth 8-6014] Unused sequential element s32_reg[15] was removed.  [/home/magnus/dokumenter/design-av-digitale-system-1/rsa_encoding/rsa_encoding.srcs/sources_1/imports/design-av-digitale-system-1/RSACoreTestBench.vhd:164]
WARNING: [Synth 8-6014] Unused sequential element s32_reg[14] was removed.  [/home/magnus/dokumenter/design-av-digitale-system-1/rsa_encoding/rsa_encoding.srcs/sources_1/imports/design-av-digitale-system-1/RSACoreTestBench.vhd:164]
WARNING: [Synth 8-6014] Unused sequential element s32_reg[13] was removed.  [/home/magnus/dokumenter/design-av-digitale-system-1/rsa_encoding/rsa_encoding.srcs/sources_1/imports/design-av-digitale-system-1/RSACoreTestBench.vhd:164]
WARNING: [Synth 8-6014] Unused sequential element s32_reg[12] was removed.  [/home/magnus/dokumenter/design-av-digitale-system-1/rsa_encoding/rsa_encoding.srcs/sources_1/imports/design-av-digitale-system-1/RSACoreTestBench.vhd:164]
WARNING: [Synth 8-6014] Unused sequential element s32_reg[11] was removed.  [/home/magnus/dokumenter/design-av-digitale-system-1/rsa_encoding/rsa_encoding.srcs/sources_1/imports/design-av-digitale-system-1/RSACoreTestBench.vhd:164]
WARNING: [Synth 8-6014] Unused sequential element s32_reg[10] was removed.  [/home/magnus/dokumenter/design-av-digitale-system-1/rsa_encoding/rsa_encoding.srcs/sources_1/imports/design-av-digitale-system-1/RSACoreTestBench.vhd:164]
WARNING: [Synth 8-6014] Unused sequential element s32_reg[9] was removed.  [/home/magnus/dokumenter/design-av-digitale-system-1/rsa_encoding/rsa_encoding.srcs/sources_1/imports/design-av-digitale-system-1/RSACoreTestBench.vhd:164]
WARNING: [Synth 8-6014] Unused sequential element s32_reg[8] was removed.  [/home/magnus/dokumenter/design-av-digitale-system-1/rsa_encoding/rsa_encoding.srcs/sources_1/imports/design-av-digitale-system-1/RSACoreTestBench.vhd:164]
WARNING: [Synth 8-6014] Unused sequential element s32_reg[7] was removed.  [/home/magnus/dokumenter/design-av-digitale-system-1/rsa_encoding/rsa_encoding.srcs/sources_1/imports/design-av-digitale-system-1/RSACoreTestBench.vhd:164]
WARNING: [Synth 8-6014] Unused sequential element s32_reg[6] was removed.  [/home/magnus/dokumenter/design-av-digitale-system-1/rsa_encoding/rsa_encoding.srcs/sources_1/imports/design-av-digitale-system-1/RSACoreTestBench.vhd:164]
WARNING: [Synth 8-6014] Unused sequential element s32_reg[5] was removed.  [/home/magnus/dokumenter/design-av-digitale-system-1/rsa_encoding/rsa_encoding.srcs/sources_1/imports/design-av-digitale-system-1/RSACoreTestBench.vhd:164]
WARNING: [Synth 8-6014] Unused sequential element s32_reg[4] was removed.  [/home/magnus/dokumenter/design-av-digitale-system-1/rsa_encoding/rsa_encoding.srcs/sources_1/imports/design-av-digitale-system-1/RSACoreTestBench.vhd:164]
WARNING: [Synth 8-6014] Unused sequential element s32_reg[3] was removed.  [/home/magnus/dokumenter/design-av-digitale-system-1/rsa_encoding/rsa_encoding.srcs/sources_1/imports/design-av-digitale-system-1/RSACoreTestBench.vhd:164]
WARNING: [Synth 8-6014] Unused sequential element s32_reg[2] was removed.  [/home/magnus/dokumenter/design-av-digitale-system-1/rsa_encoding/rsa_encoding.srcs/sources_1/imports/design-av-digitale-system-1/RSACoreTestBench.vhd:164]
WARNING: [Synth 8-6014] Unused sequential element s32_reg[1] was removed.  [/home/magnus/dokumenter/design-av-digitale-system-1/rsa_encoding/rsa_encoding.srcs/sources_1/imports/design-av-digitale-system-1/RSACoreTestBench.vhd:164]
WARNING: [Synth 8-6014] Unused sequential element CipherText_reg was removed.  [/home/magnus/dokumenter/design-av-digitale-system-1/rsa_encoding/rsa_encoding.srcs/sources_1/imports/design-av-digitale-system-1/RSACoreTestBench.vhd:138]
WARNING: [Synth 8-6014] Unused sequential element s64_reg[64] was removed.  [/home/magnus/dokumenter/design-av-digitale-system-1/rsa_encoding/rsa_encoding.srcs/sources_1/imports/design-av-digitale-system-1/RSACoreTestBench.vhd:174]
WARNING: [Synth 8-6014] Unused sequential element s64_reg[63] was removed.  [/home/magnus/dokumenter/design-av-digitale-system-1/rsa_encoding/rsa_encoding.srcs/sources_1/imports/design-av-digitale-system-1/RSACoreTestBench.vhd:174]
WARNING: [Synth 8-6014] Unused sequential element s64_reg[62] was removed.  [/home/magnus/dokumenter/design-av-digitale-system-1/rsa_encoding/rsa_encoding.srcs/sources_1/imports/design-av-digitale-system-1/RSACoreTestBench.vhd:174]
WARNING: [Synth 8-6014] Unused sequential element s64_reg[61] was removed.  [/home/magnus/dokumenter/design-av-digitale-system-1/rsa_encoding/rsa_encoding.srcs/sources_1/imports/design-av-digitale-system-1/RSACoreTestBench.vhd:174]
WARNING: [Synth 8-6014] Unused sequential element s64_reg[60] was removed.  [/home/magnus/dokumenter/design-av-digitale-system-1/rsa_encoding/rsa_encoding.srcs/sources_1/imports/design-av-digitale-system-1/RSACoreTestBench.vhd:174]
WARNING: [Synth 8-6014] Unused sequential element s64_reg[59] was removed.  [/home/magnus/dokumenter/design-av-digitale-system-1/rsa_encoding/rsa_encoding.srcs/sources_1/imports/design-av-digitale-system-1/RSACoreTestBench.vhd:174]
WARNING: [Synth 8-6014] Unused sequential element s64_reg[58] was removed.  [/home/magnus/dokumenter/design-av-digitale-system-1/rsa_encoding/rsa_encoding.srcs/sources_1/imports/design-av-digitale-system-1/RSACoreTestBench.vhd:174]
WARNING: [Synth 8-6014] Unused sequential element s64_reg[57] was removed.  [/home/magnus/dokumenter/design-av-digitale-system-1/rsa_encoding/rsa_encoding.srcs/sources_1/imports/design-av-digitale-system-1/RSACoreTestBench.vhd:174]
WARNING: [Synth 8-6014] Unused sequential element s64_reg[56] was removed.  [/home/magnus/dokumenter/design-av-digitale-system-1/rsa_encoding/rsa_encoding.srcs/sources_1/imports/design-av-digitale-system-1/RSACoreTestBench.vhd:174]
WARNING: [Synth 8-6014] Unused sequential element s64_reg[55] was removed.  [/home/magnus/dokumenter/design-av-digitale-system-1/rsa_encoding/rsa_encoding.srcs/sources_1/imports/design-av-digitale-system-1/RSACoreTestBench.vhd:174]
WARNING: [Synth 8-6014] Unused sequential element s64_reg[54] was removed.  [/home/magnus/dokumenter/design-av-digitale-system-1/rsa_encoding/rsa_encoding.srcs/sources_1/imports/design-av-digitale-system-1/RSACoreTestBench.vhd:174]
WARNING: [Synth 8-6014] Unused sequential element s64_reg[53] was removed.  [/home/magnus/dokumenter/design-av-digitale-system-1/rsa_encoding/rsa_encoding.srcs/sources_1/imports/design-av-digitale-system-1/RSACoreTestBench.vhd:174]
WARNING: [Synth 8-6014] Unused sequential element s64_reg[52] was removed.  [/home/magnus/dokumenter/design-av-digitale-system-1/rsa_encoding/rsa_encoding.srcs/sources_1/imports/design-av-digitale-system-1/RSACoreTestBench.vhd:174]
WARNING: [Synth 8-6014] Unused sequential element s64_reg[51] was removed.  [/home/magnus/dokumenter/design-av-digitale-system-1/rsa_encoding/rsa_encoding.srcs/sources_1/imports/design-av-digitale-system-1/RSACoreTestBench.vhd:174]
WARNING: [Synth 8-6014] Unused sequential element s64_reg[50] was removed.  [/home/magnus/dokumenter/design-av-digitale-system-1/rsa_encoding/rsa_encoding.srcs/sources_1/imports/design-av-digitale-system-1/RSACoreTestBench.vhd:174]
WARNING: [Synth 8-6014] Unused sequential element s64_reg[49] was removed.  [/home/magnus/dokumenter/design-av-digitale-system-1/rsa_encoding/rsa_encoding.srcs/sources_1/imports/design-av-digitale-system-1/RSACoreTestBench.vhd:174]
WARNING: [Synth 8-6014] Unused sequential element s64_reg[48] was removed.  [/home/magnus/dokumenter/design-av-digitale-system-1/rsa_encoding/rsa_encoding.srcs/sources_1/imports/design-av-digitale-system-1/RSACoreTestBench.vhd:174]
WARNING: [Synth 8-6014] Unused sequential element s64_reg[47] was removed.  [/home/magnus/dokumenter/design-av-digitale-system-1/rsa_encoding/rsa_encoding.srcs/sources_1/imports/design-av-digitale-system-1/RSACoreTestBench.vhd:174]
WARNING: [Synth 8-6014] Unused sequential element s64_reg[46] was removed.  [/home/magnus/dokumenter/design-av-digitale-system-1/rsa_encoding/rsa_encoding.srcs/sources_1/imports/design-av-digitale-system-1/RSACoreTestBench.vhd:174]
WARNING: [Synth 8-6014] Unused sequential element s64_reg[45] was removed.  [/home/magnus/dokumenter/design-av-digitale-system-1/rsa_encoding/rsa_encoding.srcs/sources_1/imports/design-av-digitale-system-1/RSACoreTestBench.vhd:174]
WARNING: [Synth 8-6014] Unused sequential element s64_reg[44] was removed.  [/home/magnus/dokumenter/design-av-digitale-system-1/rsa_encoding/rsa_encoding.srcs/sources_1/imports/design-av-digitale-system-1/RSACoreTestBench.vhd:174]
WARNING: [Synth 8-6014] Unused sequential element s64_reg[43] was removed.  [/home/magnus/dokumenter/design-av-digitale-system-1/rsa_encoding/rsa_encoding.srcs/sources_1/imports/design-av-digitale-system-1/RSACoreTestBench.vhd:174]
WARNING: [Synth 8-6014] Unused sequential element s64_reg[42] was removed.  [/home/magnus/dokumenter/design-av-digitale-system-1/rsa_encoding/rsa_encoding.srcs/sources_1/imports/design-av-digitale-system-1/RSACoreTestBench.vhd:174]
WARNING: [Synth 8-6014] Unused sequential element s64_reg[41] was removed.  [/home/magnus/dokumenter/design-av-digitale-system-1/rsa_encoding/rsa_encoding.srcs/sources_1/imports/design-av-digitale-system-1/RSACoreTestBench.vhd:174]
WARNING: [Synth 8-6014] Unused sequential element s64_reg[40] was removed.  [/home/magnus/dokumenter/design-av-digitale-system-1/rsa_encoding/rsa_encoding.srcs/sources_1/imports/design-av-digitale-system-1/RSACoreTestBench.vhd:174]
WARNING: [Synth 8-6014] Unused sequential element s64_reg[39] was removed.  [/home/magnus/dokumenter/design-av-digitale-system-1/rsa_encoding/rsa_encoding.srcs/sources_1/imports/design-av-digitale-system-1/RSACoreTestBench.vhd:174]
WARNING: [Synth 8-6014] Unused sequential element s64_reg[38] was removed.  [/home/magnus/dokumenter/design-av-digitale-system-1/rsa_encoding/rsa_encoding.srcs/sources_1/imports/design-av-digitale-system-1/RSACoreTestBench.vhd:174]
WARNING: [Synth 8-6014] Unused sequential element s64_reg[37] was removed.  [/home/magnus/dokumenter/design-av-digitale-system-1/rsa_encoding/rsa_encoding.srcs/sources_1/imports/design-av-digitale-system-1/RSACoreTestBench.vhd:174]
WARNING: [Synth 8-6014] Unused sequential element s64_reg[36] was removed.  [/home/magnus/dokumenter/design-av-digitale-system-1/rsa_encoding/rsa_encoding.srcs/sources_1/imports/design-av-digitale-system-1/RSACoreTestBench.vhd:174]
WARNING: [Synth 8-6014] Unused sequential element s64_reg[35] was removed.  [/home/magnus/dokumenter/design-av-digitale-system-1/rsa_encoding/rsa_encoding.srcs/sources_1/imports/design-av-digitale-system-1/RSACoreTestBench.vhd:174]
WARNING: [Synth 8-6014] Unused sequential element s64_reg[34] was removed.  [/home/magnus/dokumenter/design-av-digitale-system-1/rsa_encoding/rsa_encoding.srcs/sources_1/imports/design-av-digitale-system-1/RSACoreTestBench.vhd:174]
WARNING: [Synth 8-6014] Unused sequential element s64_reg[33] was removed.  [/home/magnus/dokumenter/design-av-digitale-system-1/rsa_encoding/rsa_encoding.srcs/sources_1/imports/design-av-digitale-system-1/RSACoreTestBench.vhd:174]
WARNING: [Synth 8-6014] Unused sequential element s64_reg[32] was removed.  [/home/magnus/dokumenter/design-av-digitale-system-1/rsa_encoding/rsa_encoding.srcs/sources_1/imports/design-av-digitale-system-1/RSACoreTestBench.vhd:174]
WARNING: [Synth 8-6014] Unused sequential element s64_reg[31] was removed.  [/home/magnus/dokumenter/design-av-digitale-system-1/rsa_encoding/rsa_encoding.srcs/sources_1/imports/design-av-digitale-system-1/RSACoreTestBench.vhd:174]
WARNING: [Synth 8-6014] Unused sequential element s64_reg[30] was removed.  [/home/magnus/dokumenter/design-av-digitale-system-1/rsa_encoding/rsa_encoding.srcs/sources_1/imports/design-av-digitale-system-1/RSACoreTestBench.vhd:174]
WARNING: [Synth 8-6014] Unused sequential element s64_reg[29] was removed.  [/home/magnus/dokumenter/design-av-digitale-system-1/rsa_encoding/rsa_encoding.srcs/sources_1/imports/design-av-digitale-system-1/RSACoreTestBench.vhd:174]
WARNING: [Synth 8-6014] Unused sequential element s64_reg[28] was removed.  [/home/magnus/dokumenter/design-av-digitale-system-1/rsa_encoding/rsa_encoding.srcs/sources_1/imports/design-av-digitale-system-1/RSACoreTestBench.vhd:174]
WARNING: [Synth 8-6014] Unused sequential element s64_reg[27] was removed.  [/home/magnus/dokumenter/design-av-digitale-system-1/rsa_encoding/rsa_encoding.srcs/sources_1/imports/design-av-digitale-system-1/RSACoreTestBench.vhd:174]
WARNING: [Synth 8-6014] Unused sequential element s64_reg[26] was removed.  [/home/magnus/dokumenter/design-av-digitale-system-1/rsa_encoding/rsa_encoding.srcs/sources_1/imports/design-av-digitale-system-1/RSACoreTestBench.vhd:174]
WARNING: [Synth 8-6014] Unused sequential element s64_reg[25] was removed.  [/home/magnus/dokumenter/design-av-digitale-system-1/rsa_encoding/rsa_encoding.srcs/sources_1/imports/design-av-digitale-system-1/RSACoreTestBench.vhd:174]
WARNING: [Synth 8-6014] Unused sequential element s64_reg[24] was removed.  [/home/magnus/dokumenter/design-av-digitale-system-1/rsa_encoding/rsa_encoding.srcs/sources_1/imports/design-av-digitale-system-1/RSACoreTestBench.vhd:174]
WARNING: [Synth 8-6014] Unused sequential element s64_reg[23] was removed.  [/home/magnus/dokumenter/design-av-digitale-system-1/rsa_encoding/rsa_encoding.srcs/sources_1/imports/design-av-digitale-system-1/RSACoreTestBench.vhd:174]
WARNING: [Synth 8-6014] Unused sequential element s64_reg[22] was removed.  [/home/magnus/dokumenter/design-av-digitale-system-1/rsa_encoding/rsa_encoding.srcs/sources_1/imports/design-av-digitale-system-1/RSACoreTestBench.vhd:174]
WARNING: [Synth 8-6014] Unused sequential element s64_reg[21] was removed.  [/home/magnus/dokumenter/design-av-digitale-system-1/rsa_encoding/rsa_encoding.srcs/sources_1/imports/design-av-digitale-system-1/RSACoreTestBench.vhd:174]
WARNING: [Synth 8-6014] Unused sequential element s64_reg[20] was removed.  [/home/magnus/dokumenter/design-av-digitale-system-1/rsa_encoding/rsa_encoding.srcs/sources_1/imports/design-av-digitale-system-1/RSACoreTestBench.vhd:174]
WARNING: [Synth 8-6014] Unused sequential element s64_reg[19] was removed.  [/home/magnus/dokumenter/design-av-digitale-system-1/rsa_encoding/rsa_encoding.srcs/sources_1/imports/design-av-digitale-system-1/RSACoreTestBench.vhd:174]
WARNING: [Synth 8-6014] Unused sequential element s64_reg[18] was removed.  [/home/magnus/dokumenter/design-av-digitale-system-1/rsa_encoding/rsa_encoding.srcs/sources_1/imports/design-av-digitale-system-1/RSACoreTestBench.vhd:174]
WARNING: [Synth 8-6014] Unused sequential element s64_reg[17] was removed.  [/home/magnus/dokumenter/design-av-digitale-system-1/rsa_encoding/rsa_encoding.srcs/sources_1/imports/design-av-digitale-system-1/RSACoreTestBench.vhd:174]
WARNING: [Synth 8-6014] Unused sequential element s64_reg[16] was removed.  [/home/magnus/dokumenter/design-av-digitale-system-1/rsa_encoding/rsa_encoding.srcs/sources_1/imports/design-av-digitale-system-1/RSACoreTestBench.vhd:174]
WARNING: [Synth 8-6014] Unused sequential element s64_reg[15] was removed.  [/home/magnus/dokumenter/design-av-digitale-system-1/rsa_encoding/rsa_encoding.srcs/sources_1/imports/design-av-digitale-system-1/RSACoreTestBench.vhd:174]
WARNING: [Synth 8-6014] Unused sequential element s64_reg[14] was removed.  [/home/magnus/dokumenter/design-av-digitale-system-1/rsa_encoding/rsa_encoding.srcs/sources_1/imports/design-av-digitale-system-1/RSACoreTestBench.vhd:174]
WARNING: [Synth 8-6014] Unused sequential element s64_reg[13] was removed.  [/home/magnus/dokumenter/design-av-digitale-system-1/rsa_encoding/rsa_encoding.srcs/sources_1/imports/design-av-digitale-system-1/RSACoreTestBench.vhd:174]
WARNING: [Synth 8-6014] Unused sequential element s64_reg[12] was removed.  [/home/magnus/dokumenter/design-av-digitale-system-1/rsa_encoding/rsa_encoding.srcs/sources_1/imports/design-av-digitale-system-1/RSACoreTestBench.vhd:174]
WARNING: [Synth 8-6014] Unused sequential element s64_reg[11] was removed.  [/home/magnus/dokumenter/design-av-digitale-system-1/rsa_encoding/rsa_encoding.srcs/sources_1/imports/design-av-digitale-system-1/RSACoreTestBench.vhd:174]
WARNING: [Synth 8-6014] Unused sequential element s64_reg[10] was removed.  [/home/magnus/dokumenter/design-av-digitale-system-1/rsa_encoding/rsa_encoding.srcs/sources_1/imports/design-av-digitale-system-1/RSACoreTestBench.vhd:174]
WARNING: [Synth 8-6014] Unused sequential element s64_reg[9] was removed.  [/home/magnus/dokumenter/design-av-digitale-system-1/rsa_encoding/rsa_encoding.srcs/sources_1/imports/design-av-digitale-system-1/RSACoreTestBench.vhd:174]
WARNING: [Synth 8-6014] Unused sequential element s64_reg[8] was removed.  [/home/magnus/dokumenter/design-av-digitale-system-1/rsa_encoding/rsa_encoding.srcs/sources_1/imports/design-av-digitale-system-1/RSACoreTestBench.vhd:174]
WARNING: [Synth 8-6014] Unused sequential element s64_reg[7] was removed.  [/home/magnus/dokumenter/design-av-digitale-system-1/rsa_encoding/rsa_encoding.srcs/sources_1/imports/design-av-digitale-system-1/RSACoreTestBench.vhd:174]
WARNING: [Synth 8-6014] Unused sequential element s64_reg[6] was removed.  [/home/magnus/dokumenter/design-av-digitale-system-1/rsa_encoding/rsa_encoding.srcs/sources_1/imports/design-av-digitale-system-1/RSACoreTestBench.vhd:174]
INFO: [Common 17-14] Message 'Synth 8-6014' appears 100 times and further instances of the messages will be disabled. Use the Tcl command set_msg_config to change the current settings.
INFO: [Synth 8-256] done synthesizing module 'RSACoreTestBench' (4#1) [/home/magnus/dokumenter/design-av-digitale-system-1/rsa_encoding/rsa_encoding.srcs/sources_1/imports/design-av-digitale-system-1/RSACoreTestBench.vhd:21]
WARNING: [Synth 8-3331] design RSADatapath has unconnected port init_reg_en
WARNING: [Synth 8-3331] design RSADatapath has unconnected port crypt_en
---------------------------------------------------------------------------------
Finished Synthesize : Time (s): cpu = 00:00:05 ; elapsed = 00:00:07 . Memory (MB): peak = 1195.078 ; gain = 87.492 ; free physical = 2675 ; free virtual = 12636
---------------------------------------------------------------------------------
---------------------------------------------------------------------------------
Finished Constraint Validation : Time (s): cpu = 00:00:06 ; elapsed = 00:00:07 . Memory (MB): peak = 1195.078 ; gain = 87.492 ; free physical = 2675 ; free virtual = 12636
---------------------------------------------------------------------------------
---------------------------------------------------------------------------------
Start Loading Part and Timing Information
---------------------------------------------------------------------------------
Loading part: xc7k70tfbv676-1
INFO: [Device 21-403] Loading part xc7k70tfbv676-1
---------------------------------------------------------------------------------
Finished Loading Part and Timing Information : Time (s): cpu = 00:00:06 ; elapsed = 00:00:07 . Memory (MB): peak = 1203.082 ; gain = 95.496 ; free physical = 2675 ; free virtual = 12635
---------------------------------------------------------------------------------
INFO: [Synth 8-5544] ROM "init_r" won't be mapped to Block RAM because address size (4) smaller than threshold (5)
INFO: [Synth 8-5544] ROM "start_r" won't be mapped to Block RAM because address size (3) smaller than threshold (5)
INFO: [Synth 8-5544] ROM "crypt_en_r" won't be mapped to Block RAM because address size (4) smaller than threshold (5)
INFO: [Synth 8-5544] ROM "output_reg_en_r" won't be mapped to Block RAM because address size (3) smaller than threshold (5)
WARNING: [Synth 8-327] inferring latch for variable 'crypt_r_reg' [/home/magnus/dokumenter/design-av-digitale-system-1/rsa_encoding/rsa_encoding.srcs/sources_1/new/RSADatapath.vhd:127]
---------------------------------------------------------------------------------
Finished RTL Optimization Phase 2 : Time (s): cpu = 00:00:06 ; elapsed = 00:00:07 . Memory (MB): peak = 1219.098 ; gain = 111.512 ; free physical = 2666 ; free virtual = 12627
---------------------------------------------------------------------------------

Report RTL Partitions: 
+-+--------------+------------+----------+
| |RTL Partition |Replication |Instances |
+-+--------------+------------+----------+
+-+--------------+------------+----------+
No constraint files found.
---------------------------------------------------------------------------------
Start RTL Component Statistics 
---------------------------------------------------------------------------------
Detailed RTL Component Info : 
+---Adders : 
	   2 Input      4 Bit       Adders := 3     
	   2 Input      3 Bit       Adders := 2     
+---Registers : 
	              128 Bit    Registers := 1     
	                4 Bit    Registers := 2     
	                3 Bit    Registers := 2     
	                1 Bit    Registers := 6     
+---Muxes : 
	  10 Input    256 Bit        Muxes := 2     
	   2 Input    256 Bit        Muxes := 1     
	   2 Input    128 Bit        Muxes := 2     
	  10 Input    128 Bit        Muxes := 2     
	   2 Input     32 Bit        Muxes := 1     
	   2 Input      4 Bit        Muxes := 5     
	   2 Input      3 Bit        Muxes := 2     
	  10 Input      2 Bit        Muxes := 1     
	   3 Input      1 Bit        Muxes := 1     
	   2 Input      1 Bit        Muxes := 8     
	  10 Input      1 Bit        Muxes := 5     
	   4 Input      1 Bit        Muxes := 1     
---------------------------------------------------------------------------------
Finished RTL Component Statistics 
---------------------------------------------------------------------------------
---------------------------------------------------------------------------------
Start RTL Hierarchical Component Statistics 
---------------------------------------------------------------------------------
Hierarchical RTL Component report 
Module RSACoreTestBench 
Detailed RTL Component Info : 
+---Adders : 
	   2 Input      4 Bit       Adders := 1     
+---Muxes : 
	  10 Input    256 Bit        Muxes := 2     
	   2 Input    256 Bit        Muxes := 1     
	  10 Input    128 Bit        Muxes := 2     
	   2 Input    128 Bit        Muxes := 1     
	   2 Input     32 Bit        Muxes := 1     
	   2 Input      4 Bit        Muxes := 3     
	  10 Input      2 Bit        Muxes := 1     
	  10 Input      1 Bit        Muxes := 5     
	   2 Input      1 Bit        Muxes := 1     
	   4 Input      1 Bit        Muxes := 1     
Module RSADatapath 
Detailed RTL Component Info : 
+---Registers : 
	              128 Bit    Registers := 1     
+---Muxes : 
	   2 Input    128 Bit        Muxes := 1     
Module RSAControl 
Detailed RTL Component Info : 
+---Adders : 
	   2 Input      4 Bit       Adders := 2     
	   2 Input      3 Bit       Adders := 2     
+---Registers : 
	                4 Bit    Registers := 2     
	                3 Bit    Registers := 2     
	                1 Bit    Registers := 6     
+---Muxes : 
	   2 Input      4 Bit        Muxes := 2     
	   2 Input      3 Bit        Muxes := 2     
	   3 Input      1 Bit        Muxes := 1     
	   2 Input      1 Bit        Muxes := 7     
---------------------------------------------------------------------------------
Finished RTL Hierarchical Component Statistics
---------------------------------------------------------------------------------
---------------------------------------------------------------------------------
Start Part Resource Summary
---------------------------------------------------------------------------------
Part Resources:
DSPs: 240 (col length:80)
BRAMs: 270 (col length: RAMB18 80 RAMB36 40)
---------------------------------------------------------------------------------
Finished Part Resource Summary
---------------------------------------------------------------------------------
No constraint files found.
---------------------------------------------------------------------------------
Start Cross Boundary and Area Optimization
---------------------------------------------------------------------------------
WARNING: [Synth 8-3332] Sequential element (R/datapath/crypt_r_reg[127]) is unused and will be removed from module RSACoreTestBench.
WARNING: [Synth 8-3332] Sequential element (R/datapath/crypt_r_reg[126]) is unused and will be removed from module RSACoreTestBench.
WARNING: [Synth 8-3332] Sequential element (R/datapath/crypt_r_reg[125]) is unused and will be removed from module RSACoreTestBench.
WARNING: [Synth 8-3332] Sequential element (R/datapath/crypt_r_reg[124]) is unused and will be removed from module RSACoreTestBench.
WARNING: [Synth 8-3332] Sequential element (R/datapath/crypt_r_reg[123]) is unused and will be removed from module RSACoreTestBench.
WARNING: [Synth 8-3332] Sequential element (R/datapath/crypt_r_reg[122]) is unused and will be removed from module RSACoreTestBench.
WARNING: [Synth 8-3332] Sequential element (R/datapath/crypt_r_reg[121]) is unused and will be removed from module RSACoreTestBench.
WARNING: [Synth 8-3332] Sequential element (R/datapath/crypt_r_reg[120]) is unused and will be removed from module RSACoreTestBench.
WARNING: [Synth 8-3332] Sequential element (R/datapath/crypt_r_reg[119]) is unused and will be removed from module RSACoreTestBench.
WARNING: [Synth 8-3332] Sequential element (R/datapath/crypt_r_reg[118]) is unused and will be removed from module RSACoreTestBench.
WARNING: [Synth 8-3332] Sequential element (R/datapath/crypt_r_reg[117]) is unused and will be removed from module RSACoreTestBench.
WARNING: [Synth 8-3332] Sequential element (R/datapath/crypt_r_reg[116]) is unused and will be removed from module RSACoreTestBench.
WARNING: [Synth 8-3332] Sequential element (R/datapath/crypt_r_reg[115]) is unused and will be removed from module RSACoreTestBench.
WARNING: [Synth 8-3332] Sequential element (R/datapath/crypt_r_reg[114]) is unused and will be removed from module RSACoreTestBench.
WARNING: [Synth 8-3332] Sequential element (R/datapath/crypt_r_reg[113]) is unused and will be removed from module RSACoreTestBench.
WARNING: [Synth 8-3332] Sequential element (R/datapath/crypt_r_reg[112]) is unused and will be removed from module RSACoreTestBench.
WARNING: [Synth 8-3332] Sequential element (R/datapath/crypt_r_reg[111]) is unused and will be removed from module RSACoreTestBench.
WARNING: [Synth 8-3332] Sequential element (R/datapath/crypt_r_reg[110]) is unused and will be removed from module RSACoreTestBench.
WARNING: [Synth 8-3332] Sequential element (R/datapath/crypt_r_reg[109]) is unused and will be removed from module RSACoreTestBench.
WARNING: [Synth 8-3332] Sequential element (R/datapath/crypt_r_reg[108]) is unused and will be removed from module RSACoreTestBench.
WARNING: [Synth 8-3332] Sequential element (R/datapath/crypt_r_reg[107]) is unused and will be removed from module RSACoreTestBench.
WARNING: [Synth 8-3332] Sequential element (R/datapath/crypt_r_reg[106]) is unused and will be removed from module RSACoreTestBench.
WARNING: [Synth 8-3332] Sequential element (R/datapath/crypt_r_reg[105]) is unused and will be removed from module RSACoreTestBench.
WARNING: [Synth 8-3332] Sequential element (R/datapath/crypt_r_reg[104]) is unused and will be removed from module RSACoreTestBench.
WARNING: [Synth 8-3332] Sequential element (R/datapath/crypt_r_reg[103]) is unused and will be removed from module RSACoreTestBench.
WARNING: [Synth 8-3332] Sequential element (R/datapath/crypt_r_reg[102]) is unused and will be removed from module RSACoreTestBench.
WARNING: [Synth 8-3332] Sequential element (R/datapath/crypt_r_reg[101]) is unused and will be removed from module RSACoreTestBench.
WARNING: [Synth 8-3332] Sequential element (R/datapath/crypt_r_reg[100]) is unused and will be removed from module RSACoreTestBench.
WARNING: [Synth 8-3332] Sequential element (R/datapath/crypt_r_reg[99]) is unused and will be removed from module RSACoreTestBench.
WARNING: [Synth 8-3332] Sequential element (R/datapath/crypt_r_reg[98]) is unused and will be removed from module RSACoreTestBench.
WARNING: [Synth 8-3332] Sequential element (R/datapath/crypt_r_reg[97]) is unused and will be removed from module RSACoreTestBench.
WARNING: [Synth 8-3332] Sequential element (R/datapath/crypt_r_reg[96]) is unused and will be removed from module RSACoreTestBench.
WARNING: [Synth 8-3332] Sequential element (R/datapath/crypt_r_reg[95]) is unused and will be removed from module RSACoreTestBench.
WARNING: [Synth 8-3332] Sequential element (R/datapath/crypt_r_reg[94]) is unused and will be removed from module RSACoreTestBench.
WARNING: [Synth 8-3332] Sequential element (R/datapath/crypt_r_reg[93]) is unused and will be removed from module RSACoreTestBench.
WARNING: [Synth 8-3332] Sequential element (R/datapath/crypt_r_reg[92]) is unused and will be removed from module RSACoreTestBench.
WARNING: [Synth 8-3332] Sequential element (R/datapath/crypt_r_reg[91]) is unused and will be removed from module RSACoreTestBench.
WARNING: [Synth 8-3332] Sequential element (R/datapath/crypt_r_reg[90]) is unused and will be removed from module RSACoreTestBench.
WARNING: [Synth 8-3332] Sequential element (R/datapath/crypt_r_reg[89]) is unused and will be removed from module RSACoreTestBench.
WARNING: [Synth 8-3332] Sequential element (R/datapath/crypt_r_reg[88]) is unused and will be removed from module RSACoreTestBench.
WARNING: [Synth 8-3332] Sequential element (R/datapath/crypt_r_reg[87]) is unused and will be removed from module RSACoreTestBench.
WARNING: [Synth 8-3332] Sequential element (R/datapath/crypt_r_reg[86]) is unused and will be removed from module RSACoreTestBench.
WARNING: [Synth 8-3332] Sequential element (R/datapath/crypt_r_reg[85]) is unused and will be removed from module RSACoreTestBench.
WARNING: [Synth 8-3332] Sequential element (R/datapath/crypt_r_reg[84]) is unused and will be removed from module RSACoreTestBench.
WARNING: [Synth 8-3332] Sequential element (R/datapath/crypt_r_reg[83]) is unused and will be removed from module RSACoreTestBench.
WARNING: [Synth 8-3332] Sequential element (R/datapath/crypt_r_reg[82]) is unused and will be removed from module RSACoreTestBench.
WARNING: [Synth 8-3332] Sequential element (R/datapath/crypt_r_reg[81]) is unused and will be removed from module RSACoreTestBench.
WARNING: [Synth 8-3332] Sequential element (R/datapath/crypt_r_reg[80]) is unused and will be removed from module RSACoreTestBench.
WARNING: [Synth 8-3332] Sequential element (R/datapath/crypt_r_reg[79]) is unused and will be removed from module RSACoreTestBench.
WARNING: [Synth 8-3332] Sequential element (R/datapath/crypt_r_reg[78]) is unused and will be removed from module RSACoreTestBench.
WARNING: [Synth 8-3332] Sequential element (R/datapath/crypt_r_reg[77]) is unused and will be removed from module RSACoreTestBench.
WARNING: [Synth 8-3332] Sequential element (R/datapath/crypt_r_reg[76]) is unused and will be removed from module RSACoreTestBench.
WARNING: [Synth 8-3332] Sequential element (R/datapath/crypt_r_reg[75]) is unused and will be removed from module RSACoreTestBench.
WARNING: [Synth 8-3332] Sequential element (R/datapath/crypt_r_reg[74]) is unused and will be removed from module RSACoreTestBench.
WARNING: [Synth 8-3332] Sequential element (R/datapath/crypt_r_reg[73]) is unused and will be removed from module RSACoreTestBench.
WARNING: [Synth 8-3332] Sequential element (R/datapath/crypt_r_reg[72]) is unused and will be removed from module RSACoreTestBench.
WARNING: [Synth 8-3332] Sequential element (R/datapath/crypt_r_reg[71]) is unused and will be removed from module RSACoreTestBench.
WARNING: [Synth 8-3332] Sequential element (R/datapath/crypt_r_reg[70]) is unused and will be removed from module RSACoreTestBench.
WARNING: [Synth 8-3332] Sequential element (R/datapath/crypt_r_reg[69]) is unused and will be removed from module RSACoreTestBench.
WARNING: [Synth 8-3332] Sequential element (R/datapath/crypt_r_reg[68]) is unused and will be removed from module RSACoreTestBench.
WARNING: [Synth 8-3332] Sequential element (R/datapath/crypt_r_reg[67]) is unused and will be removed from module RSACoreTestBench.
WARNING: [Synth 8-3332] Sequential element (R/datapath/crypt_r_reg[66]) is unused and will be removed from module RSACoreTestBench.
WARNING: [Synth 8-3332] Sequential element (R/datapath/crypt_r_reg[65]) is unused and will be removed from module RSACoreTestBench.
WARNING: [Synth 8-3332] Sequential element (R/datapath/crypt_r_reg[64]) is unused and will be removed from module RSACoreTestBench.
WARNING: [Synth 8-3332] Sequential element (R/datapath/crypt_r_reg[63]) is unused and will be removed from module RSACoreTestBench.
WARNING: [Synth 8-3332] Sequential element (R/datapath/crypt_r_reg[62]) is unused and will be removed from module RSACoreTestBench.
WARNING: [Synth 8-3332] Sequential element (R/datapath/crypt_r_reg[61]) is unused and will be removed from module RSACoreTestBench.
WARNING: [Synth 8-3332] Sequential element (R/datapath/crypt_r_reg[60]) is unused and will be removed from module RSACoreTestBench.
WARNING: [Synth 8-3332] Sequential element (R/datapath/crypt_r_reg[59]) is unused and will be removed from module RSACoreTestBench.
WARNING: [Synth 8-3332] Sequential element (R/datapath/crypt_r_reg[58]) is unused and will be removed from module RSACoreTestBench.
WARNING: [Synth 8-3332] Sequential element (R/datapath/crypt_r_reg[57]) is unused and will be removed from module RSACoreTestBench.
WARNING: [Synth 8-3332] Sequential element (R/datapath/crypt_r_reg[56]) is unused and will be removed from module RSACoreTestBench.
WARNING: [Synth 8-3332] Sequential element (R/datapath/crypt_r_reg[55]) is unused and will be removed from module RSACoreTestBench.
WARNING: [Synth 8-3332] Sequential element (R/datapath/crypt_r_reg[54]) is unused and will be removed from module RSACoreTestBench.
WARNING: [Synth 8-3332] Sequential element (R/datapath/crypt_r_reg[53]) is unused and will be removed from module RSACoreTestBench.
WARNING: [Synth 8-3332] Sequential element (R/datapath/crypt_r_reg[52]) is unused and will be removed from module RSACoreTestBench.
WARNING: [Synth 8-3332] Sequential element (R/datapath/crypt_r_reg[51]) is unused and will be removed from module RSACoreTestBench.
WARNING: [Synth 8-3332] Sequential element (R/datapath/crypt_r_reg[50]) is unused and will be removed from module RSACoreTestBench.
WARNING: [Synth 8-3332] Sequential element (R/datapath/crypt_r_reg[49]) is unused and will be removed from module RSACoreTestBench.
WARNING: [Synth 8-3332] Sequential element (R/datapath/crypt_r_reg[48]) is unused and will be removed from module RSACoreTestBench.
WARNING: [Synth 8-3332] Sequential element (R/datapath/crypt_r_reg[47]) is unused and will be removed from module RSACoreTestBench.
WARNING: [Synth 8-3332] Sequential element (R/datapath/crypt_r_reg[46]) is unused and will be removed from module RSACoreTestBench.
WARNING: [Synth 8-3332] Sequential element (R/datapath/crypt_r_reg[45]) is unused and will be removed from module RSACoreTestBench.
WARNING: [Synth 8-3332] Sequential element (R/datapath/crypt_r_reg[44]) is unused and will be removed from module RSACoreTestBench.
WARNING: [Synth 8-3332] Sequential element (R/datapath/crypt_r_reg[43]) is unused and will be removed from module RSACoreTestBench.
WARNING: [Synth 8-3332] Sequential element (R/datapath/crypt_r_reg[42]) is unused and will be removed from module RSACoreTestBench.
WARNING: [Synth 8-3332] Sequential element (R/datapath/crypt_r_reg[41]) is unused and will be removed from module RSACoreTestBench.
WARNING: [Synth 8-3332] Sequential element (R/datapath/crypt_r_reg[40]) is unused and will be removed from module RSACoreTestBench.
WARNING: [Synth 8-3332] Sequential element (R/datapath/crypt_r_reg[39]) is unused and will be removed from module RSACoreTestBench.
WARNING: [Synth 8-3332] Sequential element (R/datapath/crypt_r_reg[38]) is unused and will be removed from module RSACoreTestBench.
WARNING: [Synth 8-3332] Sequential element (R/datapath/crypt_r_reg[37]) is unused and will be removed from module RSACoreTestBench.
WARNING: [Synth 8-3332] Sequential element (R/datapath/crypt_r_reg[36]) is unused and will be removed from module RSACoreTestBench.
WARNING: [Synth 8-3332] Sequential element (R/datapath/crypt_r_reg[35]) is unused and will be removed from module RSACoreTestBench.
WARNING: [Synth 8-3332] Sequential element (R/datapath/crypt_r_reg[34]) is unused and will be removed from module RSACoreTestBench.
WARNING: [Synth 8-3332] Sequential element (R/datapath/crypt_r_reg[33]) is unused and will be removed from module RSACoreTestBench.
WARNING: [Synth 8-3332] Sequential element (R/datapath/crypt_r_reg[32]) is unused and will be removed from module RSACoreTestBench.
WARNING: [Synth 8-3332] Sequential element (R/datapath/crypt_r_reg[31]) is unused and will be removed from module RSACoreTestBench.
WARNING: [Synth 8-3332] Sequential element (R/datapath/crypt_r_reg[30]) is unused and will be removed from module RSACoreTestBench.
WARNING: [Synth 8-3332] Sequential element (R/datapath/crypt_r_reg[29]) is unused and will be removed from module RSACoreTestBench.
WARNING: [Synth 8-3332] Sequential element (R/datapath/crypt_r_reg[28]) is unused and will be removed from module RSACoreTestBench.
INFO: [Common 17-14] Message 'Synth 8-3332' appears 100 times and further instances of the messages will be disabled. Use the Tcl command set_msg_config to change the current settings.
---------------------------------------------------------------------------------
Finished Cross Boundary and Area Optimization : Time (s): cpu = 00:00:20 ; elapsed = 00:00:43 . Memory (MB): peak = 1304.363 ; gain = 196.777 ; free physical = 2543 ; free virtual = 12496
---------------------------------------------------------------------------------

Report RTL Partitions: 
+-+--------------+------------+----------+
| |RTL Partition |Replication |Instances |
+-+--------------+------------+----------+
+-+--------------+------------+----------+
No constraint files found.
---------------------------------------------------------------------------------
Start Timing Optimization
---------------------------------------------------------------------------------
---------------------------------------------------------------------------------
Finished Timing Optimization : Time (s): cpu = 00:00:20 ; elapsed = 00:00:43 . Memory (MB): peak = 1304.363 ; gain = 196.777 ; free physical = 2543 ; free virtual = 12496
---------------------------------------------------------------------------------

Report RTL Partitions: 
+-+--------------+------------+----------+
| |RTL Partition |Replication |Instances |
+-+--------------+------------+----------+
+-+--------------+------------+----------+
---------------------------------------------------------------------------------
Start Technology Mapping
---------------------------------------------------------------------------------
---------------------------------------------------------------------------------
Finished Technology Mapping : Time (s): cpu = 00:00:20 ; elapsed = 00:00:43 . Memory (MB): peak = 1304.363 ; gain = 196.777 ; free physical = 2543 ; free virtual = 12495
---------------------------------------------------------------------------------

Report RTL Partitions: 
+-+--------------+------------+----------+
| |RTL Partition |Replication |Instances |
+-+--------------+------------+----------+
+-+--------------+------------+----------+
---------------------------------------------------------------------------------
Start IO Insertion
---------------------------------------------------------------------------------
---------------------------------------------------------------------------------
Start Flattening Before IO Insertion
---------------------------------------------------------------------------------
---------------------------------------------------------------------------------
Finished Flattening Before IO Insertion
---------------------------------------------------------------------------------
---------------------------------------------------------------------------------
Start Final Netlist Cleanup
---------------------------------------------------------------------------------
---------------------------------------------------------------------------------
Finished Final Netlist Cleanup
---------------------------------------------------------------------------------
---------------------------------------------------------------------------------
Finished IO Insertion : Time (s): cpu = 00:00:21 ; elapsed = 00:00:44 . Memory (MB): peak = 1304.363 ; gain = 196.777 ; free physical = 2542 ; free virtual = 12495
---------------------------------------------------------------------------------

Report Check Netlist: 
+------+------------------+-------+---------+-------+------------------+
|      |Item              |Errors |Warnings |Status |Description       |
+------+------------------+-------+---------+-------+------------------+
|1     |multi_driven_nets |      0|        0|Passed |Multi driven nets |
+------+------------------+-------+---------+-------+------------------+
---------------------------------------------------------------------------------
Start Renaming Generated Instances
---------------------------------------------------------------------------------
---------------------------------------------------------------------------------
Finished Renaming Generated Instances : Time (s): cpu = 00:00:21 ; elapsed = 00:00:44 . Memory (MB): peak = 1304.363 ; gain = 196.777 ; free physical = 2542 ; free virtual = 12495
---------------------------------------------------------------------------------

Report RTL Partitions: 
+-+--------------+------------+----------+
| |RTL Partition |Replication |Instances |
+-+--------------+------------+----------+
+-+--------------+------------+----------+
---------------------------------------------------------------------------------
Start Rebuilding User Hierarchy
---------------------------------------------------------------------------------
---------------------------------------------------------------------------------
Finished Rebuilding User Hierarchy : Time (s): cpu = 00:00:21 ; elapsed = 00:00:44 . Memory (MB): peak = 1304.363 ; gain = 196.777 ; free physical = 2542 ; free virtual = 12495
---------------------------------------------------------------------------------
---------------------------------------------------------------------------------
Start Renaming Generated Ports
---------------------------------------------------------------------------------
---------------------------------------------------------------------------------
Finished Renaming Generated Ports : Time (s): cpu = 00:00:21 ; elapsed = 00:00:44 . Memory (MB): peak = 1304.363 ; gain = 196.777 ; free physical = 2543 ; free virtual = 12495
---------------------------------------------------------------------------------
---------------------------------------------------------------------------------
Start Handling Custom Attributes
---------------------------------------------------------------------------------
---------------------------------------------------------------------------------
Finished Handling Custom Attributes : Time (s): cpu = 00:00:21 ; elapsed = 00:00:44 . Memory (MB): peak = 1304.363 ; gain = 196.777 ; free physical = 2543 ; free virtual = 12495
---------------------------------------------------------------------------------
---------------------------------------------------------------------------------
Start Renaming Generated Nets
---------------------------------------------------------------------------------
---------------------------------------------------------------------------------
Finished Renaming Generated Nets : Time (s): cpu = 00:00:21 ; elapsed = 00:00:44 . Memory (MB): peak = 1304.363 ; gain = 196.777 ; free physical = 2543 ; free virtual = 12495
---------------------------------------------------------------------------------
---------------------------------------------------------------------------------
Start Writing Synthesis Report
---------------------------------------------------------------------------------

Report BlackBoxes: 
+-+--------------+----------+
| |BlackBox name |Instances |
+-+--------------+----------+
+-+--------------+----------+

Report Cell Usage: 
+-+-----+------+
| |Cell |Count |
+-+-----+------+
+-+-----+------+

Report Instance Areas: 
+------+---------+-------+------+
|      |Instance |Module |Cells |
+------+---------+-------+------+
|1     |top      |       |     0|
+------+---------+-------+------+
---------------------------------------------------------------------------------
Finished Writing Synthesis Report : Time (s): cpu = 00:00:21 ; elapsed = 00:00:44 . Memory (MB): peak = 1304.363 ; gain = 196.777 ; free physical = 2543 ; free virtual = 12495
---------------------------------------------------------------------------------
Synthesis finished with 0 errors, 0 critical warnings and 947 warnings.
Synthesis Optimization Runtime : Time (s): cpu = 00:00:21 ; elapsed = 00:00:44 . Memory (MB): peak = 1304.363 ; gain = 196.777 ; free physical = 2543 ; free virtual = 12495
Synthesis Optimization Complete : Time (s): cpu = 00:00:21 ; elapsed = 00:00:44 . Memory (MB): peak = 1304.371 ; gain = 196.777 ; free physical = 2543 ; free virtual = 12495
INFO: [Project 1-571] Translating synthesized netlist
INFO: [Project 1-570] Preparing netlist for logic optimization
INFO: [Opt 31-138] Pushed 0 inverter(s) to 0 load pin(s).
INFO: [Project 1-111] Unisim Transformation Summary:
No Unisim elements were transformed.

21 Infos, 205 Warnings, 0 Critical Warnings and 0 Errors encountered.
synth_design completed successfully
synth_design: Time (s): cpu = 00:00:26 ; elapsed = 00:00:49 . Memory (MB): peak = 1419.199 ; gain = 324.203 ; free physical = 2477 ; free virtual = 12430
INFO: [Common 17-1381] The checkpoint '/home/magnus/dokumenter/design-av-digitale-system-1/rsa_encoding/rsa_encoding.runs/synth_1/RSACoreTestBench.dcp' has been generated.
report_utilization: Time (s): cpu = 00:00:00.02 ; elapsed = 00:00:00.09 . Memory (MB): peak = 1443.211 ; gain = 0.000 ; free physical = 2476 ; free virtual = 12429
INFO: [Common 17-206] Exiting Vivado at Thu Nov  9 14:05:07 2017...
